<?xml version="1.0" encoding="UTF-8"?>
<!-- Generated by org.testng.reporters.JUnitReportReporter -->
<testsuite skipped="0" hostname="shree-PC" name="QuickAcademy.MavenJava.AppiumTest" tests="2" failures="0" timestamp="2022-03-12T01:49:51 IST" time="0.000" errors="0">
  <testcase name="nativeAppAndroid" time="0.000" classname="QuickAcademy.MavenJava.AppiumTest"/>
  <system-out/>
  <testcase name="appleIos" time="0.000" classname="QuickAcademy.MavenJava.AppiumTest"/>
  <system-out/>
</testsuite> <!-- QuickAcademy.MavenJava.AppiumTest -->
