<?xml version="1.0" encoding="UTF-8"?>
<!-- Generated by org.testng.reporters.JUnitReportReporter -->
<testsuite skipped="0" hostname="shree-PC" name="QuickAcademy.MavenJava.SeleniumTest" tests="2" failures="0" timestamp="2022-03-12T01:49:51 IST" time="0.014" errors="0">
  <testcase name="browserAutomation" time="0.013" classname="QuickAcademy.MavenJava.SeleniumTest"/>
  <system-out/>
  <testcase name="elementUi" time="0.001" classname="QuickAcademy.MavenJava.SeleniumTest"/>
  <system-out/>
</testsuite> <!-- QuickAcademy.MavenJava.SeleniumTest -->
